Server running on http://localhost:3001
Socket connected: ARoJnvi9idP0KLWMAAAB (setu)
MongoDB connected
setu joined room "clgproject" (1 users)
setu left room "clgproject"
Socket connected: g0DbVs-dYjZ-Ote-AAAD (setu)
setu joined room "clgproject" (1 users)
setu left room "clgproject"
Socket connected: 5oGvuWzYnZBlJGRLAAAF (setu)
setu joined room "clgproject" (1 users)
setu left room "clgproject"
Socket connected: 6o-911lBIX6jamXmAAAH (setu)
setu joined room "clgproject" (1 users)
setu left room "clgproject"
Socket connected: zuFDn_-xh67JUXw7AAAJ (setu)
setu joined room "clgproject" (1 users)
setu left room "clgproject"
Socket connected: ImJbvqglUNeYnDnQAAAL (setu)
setu joined room "clgproject" (1 users)
setu left room "clgproject"
Socket connected: 43ryiY3gCwPh3jU6AAAN (setu)
setu left room "clgproject"
setu joined room "clgproject" (0 users)
Socket connected: Xi7TkRPclwpvO0vBAAAP (setu)
setu joined room "clgproject" (1 users)
setu left room "clgproject"
Socket connected: rIvQGaok-sQAZILFAAAR (setu)
setu joined room "clgproject" (1 users)
setu left room "clgproject"
Socket connected: VyQQh4lv7w7hJv3aAAAT (setu)
setu joined room "clgproject" (1 users)
setu left room "clgproject"
Socket connected: qQq9nJaoRXFxd-NqAAAV (setu)
setu joined room "clgproject" (1 users)
setu left room "clgproject"
Socket connected: INeCxajyYtDbeUJYAAAX (setu)
setu joined room "clgproject" (1 users)
setu left room "clgproject"
Socket connected: TslN9wx_oi5P-TCxAAAZ (setu)
setu joined room "clgproject" (1 users)
setu left room "clgproject"
Socket connected: XYbpL95g84U8TlpxAAAb (setu)
setu joined room "clgproject" (1 users)
setu left room "clgproject"
Socket connected: SvlvGkwRCqNjWyOFAAAd (setu)
setu joined room "clgproject" (1 users)
setu left room "clgproject"
Socket connected: y8ZKV272NBe-VgOzAAAf (setu)
setu joined room "clgproject" (1 users)
setu left room "clgproject"
Socket connected: rJxUz_KsvcUZecpyAAAh (setu)
setu joined room "clgproject" (1 users)
